2026-06-07 08:39:18,352 | INFO | Backup: datos/planetas_signos_goodman.json -> datos/backup_pre_curacion_20260607_083918/
2026-06-07 08:39:18,354 | INFO | Backup: datos/aspectos_tompkins.json -> datos/backup_pre_curacion_20260607_083918/
2026-06-07 08:39:18,355 | INFO | Backup: datos/angulos_signos.json -> datos/backup_pre_curacion_20260607_083918/
2026-06-07 08:39:18,355 | INFO | Backup: datos/casas_signos.json -> datos/backup_pre_curacion_20260607_083918/
2026-06-07 08:39:18,355 | INFO | Backup: datos/planetas_signos.json -> datos/backup_pre_curacion_20260607_083918/
2026-06-07 08:39:18,356 | INFO | Backup: datos/planetas_casas.json -> datos/backup_pre_curacion_20260607_083918/
2026-06-07 08:39:18,356 | INFO | 
============================================================
2026-06-07 08:39:18,356 | INFO | [goodman] modo=expandir archivo=datos/planetas_signos_goodman.json
2026-06-07 08:39:18,356 | INFO | ============================================================
2026-06-07 08:39:18,358 | INFO |   [1/36] sol_en_aries ... 
2026-06-07 08:39:24,473 | INFO |     OK (1995 chars)
2026-06-07 08:39:27,473 | INFO |   [2/36] ascendente_en_aries ... 
2026-06-07 08:40:06,038 | INFO |     OK (2399 chars)
2026-06-07 08:40:09,038 | INFO |   [3/36] luna_en_aries ... 
2026-06-07 08:40:48,536 | INFO |     OK (1950 chars)
2026-06-07 08:40:51,536 | INFO |   [4/36] sol_en_tauro ... 
2026-06-07 08:40:56,522 | INFO |     OK (1659 chars)
2026-06-07 08:40:59,522 | INFO |   [5/36] ascendente_en_tauro ... 
2026-06-07 08:41:05,739 | INFO |     OK (1660 chars)
2026-06-07 08:41:08,740 | INFO |   [6/36] luna_en_tauro ... 
2026-06-07 08:41:16,183 | INFO |     OK (1830 chars)
2026-06-07 08:41:19,184 | INFO |   [7/36] sol_en_geminis ... 
2026-06-07 08:41:49,158 | INFO |     OK (1815 chars)
2026-06-07 08:41:52,158 | INFO |   [8/36] ascendente_en_geminis ... 
2026-06-07 08:42:24,280 | INFO |     OK (1816 chars)
2026-06-07 08:42:27,280 | INFO |   [9/36] luna_en_geminis ... 
2026-06-07 08:42:57,562 | INFO |     OK (1907 chars)
2026-06-07 08:43:00,563 | INFO |   [10/36] sol_en_cancer ... 
2026-06-07 08:43:35,970 | INFO |     OK (1913 chars)
2026-06-07 08:43:38,970 | INFO |   [11/36] ascendente_en_cancer ... 
2026-06-07 08:44:10,725 | WARNING |     intento 1: max_retries_exceeded
2026-06-07 08:44:45,600 | WARNING |     intento 2: max_retries_exceeded
2026-06-07 08:45:20,849 | WARNING |     intento 3: max_retries_exceeded
2026-06-07 08:45:23,849 | ERROR |     FALLIDO - conservado original
2026-06-07 08:45:26,850 | INFO |   [12/36] luna_en_cancer ... 
2026-06-07 08:45:58,759 | WARNING |     intento 1: max_retries_exceeded
2026-06-07 08:46:33,575 | WARNING |     intento 2: max_retries_exceeded
2026-06-07 08:47:08,494 | WARNING |     intento 3: max_retries_exceeded
2026-06-07 08:47:11,494 | ERROR |     FALLIDO - conservado original
2026-06-07 08:47:14,495 | INFO |   [13/36] sol_en_leo ... 
2026-06-07 08:47:45,973 | WARNING |     intento 1: max_retries_exceeded
2026-06-07 08:48:20,482 | WARNING |     intento 2: max_retries_exceeded
2026-06-07 08:48:54,993 | WARNING |     intento 3: max_retries_exceeded
2026-06-07 08:48:57,993 | ERROR |     FALLIDO - conservado original
2026-06-07 08:49:00,993 | INFO |   [14/36] ascendente_en_leo ... 
2026-06-07 08:49:32,471 | WARNING |     intento 1: max_retries_exceeded
2026-06-07 08:50:06,927 | WARNING |     intento 2: max_retries_exceeded
2026-06-07 08:50:41,591 | WARNING |     intento 3: max_retries_exceeded
2026-06-07 08:50:44,592 | ERROR |     FALLIDO - conservado original
2026-06-07 08:50:47,592 | INFO |   [15/36] luna_en_leo ... 
2026-06-07 08:51:19,072 | WARNING |     intento 1: max_retries_exceeded
2026-06-07 08:51:53,580 | WARNING |     intento 2: max_retries_exceeded
2026-06-07 08:52:28,089 | WARNING |     intento 3: max_retries_exceeded
2026-06-07 08:52:31,090 | ERROR |     FALLIDO - conservado original
2026-06-07 08:52:34,090 | INFO |   [16/36] sol_en_virgo ... 
2026-06-07 08:53:05,978 | WARNING |     intento 1: max_retries_exceeded
2026-06-07 08:53:40,880 | WARNING |     intento 2: max_retries_exceeded
2026-06-07 08:54:15,722 | WARNING |     intento 3: max_retries_exceeded
2026-06-07 08:54:18,722 | ERROR |     FALLIDO - conservado original
2026-06-07 08:54:21,722 | INFO |   [17/36] ascendente_en_virgo ... 
2026-06-07 08:54:53,456 | WARNING |     intento 1: max_retries_exceeded
2026-06-07 08:55:28,522 | WARNING |     intento 2: max_retries_exceeded
2026-06-07 08:56:03,441 | WARNING |     intento 3: max_retries_exceeded
2026-06-07 08:56:06,443 | ERROR |     FALLIDO - conservado original
2026-06-07 08:56:09,444 | INFO |   [18/36] luna_en_virgo ... 
2026-06-07 08:56:41,431 | WARNING |     intento 1: max_retries_exceeded
2026-06-07 08:57:16,249 | WARNING |     intento 2: max_retries_exceeded
2026-06-07 08:57:51,064 | WARNING |     intento 3: max_retries_exceeded
2026-06-07 08:57:54,064 | ERROR |     FALLIDO - conservado original
2026-06-07 08:57:57,065 | INFO |   [19/36] sol_en_libra ... 
2026-06-07 08:58:28,457 | WARNING |     intento 1: max_retries_exceeded
2026-06-07 08:59:03,056 | WARNING |     intento 2: max_retries_exceeded
2026-06-07 08:59:37,352 | WARNING |     intento 3: max_retries_exceeded
2026-06-07 08:59:40,352 | ERROR |     FALLIDO - conservado original
2026-06-07 08:59:43,352 | INFO |   [20/36] ascendente_en_libra ... 
2026-06-07 09:00:14,652 | WARNING |     intento 1: max_retries_exceeded
2026-06-07 09:00:49,156 | WARNING |     intento 2: max_retries_exceeded
2026-06-07 09:01:23,753 | WARNING |     intento 3: max_retries_exceeded
2026-06-07 09:01:26,753 | ERROR |     FALLIDO - conservado original
2026-06-07 09:01:29,754 | INFO |   [21/36] luna_en_libra ... 
2026-06-07 09:02:01,231 | WARNING |     intento 1: max_retries_exceeded
2026-06-07 09:02:35,740 | WARNING |     intento 2: max_retries_exceeded
2026-06-07 09:03:10,454 | WARNING |     intento 3: max_retries_exceeded
2026-06-07 09:03:13,455 | ERROR |     FALLIDO - conservado original
2026-06-07 09:03:16,455 | INFO |   [22/36] sol_en_escorpio ... 
2026-06-07 09:03:48,343 | WARNING |     intento 1: max_retries_exceeded
2026-06-07 09:04:23,263 | WARNING |     intento 2: max_retries_exceeded
2026-06-07 09:04:58,080 | WARNING |     intento 3: max_retries_exceeded
2026-06-07 09:05:01,080 | ERROR |     FALLIDO - conservado original
2026-06-07 09:05:04,081 | INFO |   [23/36] ascendente_en_escorpio ... 
2026-06-07 09:05:35,969 | WARNING |     intento 1: max_retries_exceeded
2026-06-07 09:06:10,785 | WARNING |     intento 2: max_retries_exceeded
2026-06-07 09:06:45,513 | WARNING |     intento 3: max_retries_exceeded
2026-06-07 09:06:48,516 | ERROR |     FALLIDO - conservado original
2026-06-07 09:06:51,516 | INFO |   [24/36] luna_en_escorpio ... 
2026-06-07 09:07:23,199 | WARNING |     intento 1: max_retries_exceeded
2026-06-07 09:07:58,102 | WARNING |     intento 2: max_retries_exceeded
2026-06-07 09:08:33,246 | WARNING |     intento 3: max_retries_exceeded
2026-06-07 09:08:36,246 | ERROR |     FALLIDO - conservado original
2026-06-07 09:08:39,246 | INFO |   [25/36] sol_en_sagitario ... 
2026-06-07 09:09:11,113 | WARNING |     intento 1: max_retries_exceeded
2026-06-07 09:09:46,032 | WARNING |     intento 2: max_retries_exceeded
2026-06-07 09:10:20,818 | WARNING |     intento 3: max_retries_exceeded
2026-06-07 09:10:23,818 | ERROR |     FALLIDO - conservado original
2026-06-07 09:10:26,818 | INFO |   [26/36] ascendente_en_sagitario ... 
2026-06-07 09:10:58,737 | WARNING |     intento 1: max_retries_exceeded
2026-06-07 09:11:33,555 | WARNING |     intento 2: max_retries_exceeded
2026-06-07 09:12:08,275 | WARNING |     intento 3: max_retries_exceeded
2026-06-07 09:12:11,275 | ERROR |     FALLIDO - conservado original
2026-06-07 09:12:14,276 | INFO |   [27/36] luna_en_sagitario ... 
2026-06-07 09:12:46,156 | WARNING |     intento 1: max_retries_exceeded
2026-06-07 09:13:21,193 | WARNING |     intento 2: max_retries_exceeded
2026-06-07 09:13:56,711 | WARNING |     intento 3: max_retries_exceeded
2026-06-07 09:13:59,711 | ERROR |     FALLIDO - conservado original
2026-06-07 09:14:02,712 | INFO |   [28/36] sol_en_capricornio ... 
2026-06-07 09:14:34,548 | WARNING |     intento 1: max_retries_exceeded
2026-06-07 09:15:09,520 | WARNING |     intento 2: max_retries_exceeded
2026-06-07 09:15:44,438 | WARNING |     intento 3: max_retries_exceeded
2026-06-07 09:15:47,438 | ERROR |     FALLIDO - conservado original
2026-06-07 09:15:50,438 | INFO |   [29/36] ascendente_en_capricornio ... 
2026-06-07 09:16:22,940 | WARNING |     intento 1: max_retries_exceeded
2026-06-07 09:16:58,065 | WARNING |     intento 2: max_retries_exceeded
2026-06-07 09:17:32,998 | WARNING |     intento 3: max_retries_exceeded
2026-06-07 09:17:35,999 | ERROR |     FALLIDO - conservado original
2026-06-07 09:17:38,999 | INFO |   [30/36] luna_en_capricornio ... 
2026-06-07 09:18:10,974 | WARNING |     intento 1: max_retries_exceeded
2026-06-07 09:18:46,303 | WARNING |     intento 2: max_retries_exceeded
2026-06-07 09:19:21,324 | WARNING |     intento 3: max_retries_exceeded
2026-06-07 09:19:24,324 | ERROR |     FALLIDO - conservado original
2026-06-07 09:19:27,324 | INFO |   [31/36] sol_en_acuario ... 
2026-06-07 09:19:59,740 | WARNING |     intento 1: max_retries_exceeded
2026-06-07 09:20:34,644 | WARNING |     intento 2: max_retries_exceeded
2026-06-07 09:21:09,972 | WARNING |     intento 3: max_retries_exceeded
2026-06-07 09:21:12,973 | ERROR |     FALLIDO - conservado original
2026-06-07 09:21:15,973 | INFO |   [32/36] ascendente_en_acuario ... 
2026-06-07 09:21:47,758 | WARNING |     intento 1: max_retries_exceeded
2026-06-07 09:22:22,677 | WARNING |     intento 2: max_retries_exceeded
2026-06-07 09:22:57,547 | WARNING |     intento 3: max_retries_exceeded
2026-06-07 09:23:00,547 | ERROR |     FALLIDO - conservado original
2026-06-07 09:23:03,548 | INFO |   [33/36] luna_en_acuario ... 
2026-06-07 09:23:35,384 | WARNING |     intento 1: max_retries_exceeded
2026-06-07 09:24:10,303 | WARNING |     intento 2: max_retries_exceeded
2026-06-07 09:24:45,118 | WARNING |     intento 3: max_retries_exceeded
2026-06-07 09:24:48,118 | ERROR |     FALLIDO - conservado original
2026-06-07 09:24:51,118 | INFO |   [34/36] sol_en_piscis ... 
2026-06-07 09:24:54,187 | INFO |     OK (2837 chars)
2026-06-07 09:24:57,187 | INFO |   [35/36] ascendente_en_piscis ... 
2026-06-07 09:25:28,450 | WARNING |     intento 1: max_retries_exceeded
2026-06-07 09:26:02,944 | WARNING |     intento 2: max_retries_exceeded
2026-06-07 09:26:37,259 | WARNING |     intento 3: max_retries_exceeded
2026-06-07 09:26:40,259 | ERROR |     FALLIDO - conservado original
2026-06-07 09:26:43,259 | INFO |   [36/36] luna_en_piscis ... 
2026-06-07 09:27:14,932 | WARNING |     intento 1: max_retries_exceeded
2026-06-07 09:27:49,441 | WARNING |     intento 2: max_retries_exceeded
2026-06-07 09:28:24,053 | WARNING |     intento 3: max_retries_exceeded
2026-06-07 09:28:27,053 | ERROR |     FALLIDO - conservado original
2026-06-07 09:28:30,058 | INFO |   -> Guardado: datos/planetas_signos_goodman.json
2026-06-07 09:28:30,058 | INFO |   -> Resultados: 11 OK, 25 errores, 75 reintentos
2026-06-07 09:28:30,058 | INFO | 
============================================================
2026-06-07 09:28:30,058 | INFO | [tompkins] modo=expandir archivo=datos/aspectos_tompkins.json
2026-06-07 09:28:30,058 | INFO | ============================================================
2026-06-07 09:28:30,065 | INFO |   [1/225] sol_conjuncion_luna ... 
2026-06-07 09:29:02,249 | WARNING |     intento 1: max_retries_exceeded
2026-06-07 09:29:37,271 | WARNING |     intento 2: max_retries_exceeded
2026-06-07 09:30:12,090 | WARNING |     intento 3: max_retries_exceeded
2026-06-07 09:30:15,090 | ERROR |     FALLIDO - conservado original
2026-06-07 09:30:18,090 | INFO |   [2/225] sol_sextil_luna ... 
2026-06-07 09:30:49,975 | WARNING |     intento 1: max_retries_exceeded
2026-06-07 09:31:25,201 | WARNING |     intento 2: max_retries_exceeded
2026-06-07 09:32:00,028 | WARNING |     intento 3: max_retries_exceeded
2026-06-07 09:32:03,029 | ERROR |     FALLIDO - conservado original
2026-06-07 09:32:06,029 | INFO |   [3/225] sol_cuadratura_luna ... 
2026-06-07 09:32:38,014 | WARNING |     intento 1: max_retries_exceeded
2026-06-07 09:33:13,133 | WARNING |     intento 2: max_retries_exceeded
2026-06-07 09:33:48,052 | WARNING |     intento 3: max_retries_exceeded
2026-06-07 09:33:51,052 | ERROR |     FALLIDO - conservado original
2026-06-07 09:33:54,052 | INFO |   [4/225] sol_trino_luna ... 
2026-06-07 09:34:26,044 | WARNING |     intento 1: max_retries_exceeded
2026-06-07 09:35:00,963 | WARNING |     intento 2: max_retries_exceeded
2026-06-07 09:35:35,677 | WARNING |     intento 3: max_retries_exceeded
2026-06-07 09:35:38,677 | ERROR |     FALLIDO - conservado original
2026-06-07 09:35:41,677 | INFO |   [5/225] sol_oposicion_luna ... 
2026-06-07 09:36:13,565 | WARNING |     intento 1: max_retries_exceeded
2026-06-07 09:36:48,278 | WARNING |     intento 2: max_retries_exceeded
2026-06-07 09:37:22,993 | WARNING |     intento 3: max_retries_exceeded
2026-06-07 09:37:25,993 | ERROR |     FALLIDO - conservado original
2026-06-07 09:37:28,993 | INFO |   [6/225] sol_conjuncion_mercurio ... 
2026-06-07 09:38:00,706 | WARNING |     intento 1: max_retries_exceeded
2026-06-07 09:38:35,288 | WARNING |     intento 2: max_retries_exceeded
2026-06-07 09:39:10,310 | WARNING |     intento 3: max_retries_exceeded
2026-06-07 09:39:13,310 | ERROR |     FALLIDO - conservado original
2026-06-07 09:39:16,310 | INFO |   [7/225] sol_sextil_mercurio ... 
2026-06-07 09:39:48,048 | WARNING |     intento 1: max_retries_exceeded
2026-06-07 09:40:22,504 | WARNING |     intento 2: max_retries_exceeded
2026-06-07 09:40:57,115 | WARNING |     intento 3: max_retries_exceeded
2026-06-07 09:41:00,115 | ERROR |     FALLIDO - conservado original
2026-06-07 09:41:03,115 | INFO |   [8/225] sol_cuadratura_mercurio ... 
2026-06-07 09:41:34,798 | WARNING |     intento 1: max_retries_exceeded
2026-06-07 09:42:09,410 | WARNING |     intento 2: max_retries_exceeded
2026-06-07 09:42:43,919 | WARNING |     intento 3: max_retries_exceeded
2026-06-07 09:42:46,920 | ERROR |     FALLIDO - conservado original
2026-06-07 09:42:49,920 | INFO |   [9/225] sol_trino_mercurio ... 
2026-06-07 09:43:21,503 | WARNING |     intento 1: max_retries_exceeded
2026-06-07 09:43:55,955 | WARNING |     intento 2: max_retries_exceeded
2026-06-07 09:44:30,519 | WARNING |     intento 3: max_retries_exceeded
2026-06-07 09:44:33,520 | ERROR |     FALLIDO - conservado original
2026-06-07 09:44:36,520 | INFO |   [10/225] sol_oposicion_mercurio ... 
2026-06-07 09:45:08,100 | WARNING |     intento 1: max_retries_exceeded
2026-06-07 09:45:42,712 | WARNING |     intento 2: max_retries_exceeded
2026-06-07 09:46:17,324 | WARNING |     intento 3: max_retries_exceeded
2026-06-07 09:46:20,325 | ERROR |     FALLIDO - conservado original
2026-06-07 09:46:23,325 | INFO |   [11/225] sol_conjuncion_venus ... 
2026-06-07 09:46:54,907 | WARNING |     intento 1: max_retries_exceeded
2026-06-07 09:47:29,520 | WARNING |     intento 2: max_retries_exceeded
2026-06-07 09:48:04,817 | WARNING |     intento 3: max_retries_exceeded
2026-06-07 09:48:07,818 | ERROR |     FALLIDO - conservado original
2026-06-07 09:48:10,818 | INFO |   [12/225] sol_sextil_venus ... 
2026-06-07 09:48:42,632 | WARNING |     intento 1: max_retries_exceeded
2026-06-07 09:49:17,259 | WARNING |     intento 2: max_retries_exceeded
2026-06-07 09:49:51,855 | WARNING |     intento 3: max_retries_exceeded
2026-06-07 09:49:54,856 | ERROR |     FALLIDO - conservado original
2026-06-07 09:49:57,856 | INFO |   [13/225] sol_cuadratura_venus ... 
2026-06-07 09:50:29,246 | WARNING |     intento 1: max_retries_exceeded
2026-06-07 09:51:03,947 | WARNING |     intento 2: max_retries_exceeded
2026-06-07 09:51:38,558 | WARNING |     intento 3: max_retries_exceeded
2026-06-07 09:51:41,558 | ERROR |     FALLIDO - conservado original
2026-06-07 09:51:44,558 | INFO |   [14/225] sol_trino_venus ... 
2026-06-07 09:52:16,140 | WARNING |     intento 1: max_retries_exceeded
2026-06-07 09:52:50,833 | WARNING |     intento 2: max_retries_exceeded
2026-06-07 09:53:25,465 | WARNING |     intento 3: max_retries_exceeded
2026-06-07 09:53:28,465 | ERROR |     FALLIDO - conservado original
2026-06-07 09:53:31,466 | INFO |   [15/225] sol_oposicion_venus ... 
2026-06-07 09:54:03,047 | WARNING |     intento 1: max_retries_exceeded
2026-06-07 09:54:37,658 | WARNING |     intento 2: max_retries_exceeded
2026-06-07 09:55:12,270 | WARNING |     intento 3: max_retries_exceeded
2026-06-07 09:55:15,270 | ERROR |     FALLIDO - conservado original
2026-06-07 09:55:18,271 | INFO |   [16/225] sol_conjuncion_marte ... 
2026-06-07 09:55:50,158 | WARNING |     intento 1: max_retries_exceeded
2026-06-07 09:56:24,850 | WARNING |     intento 2: max_retries_exceeded
2026-06-07 09:56:59,588 | WARNING |     intento 3: max_retries_exceeded
2026-06-07 09:57:02,589 | ERROR |     FALLIDO - conservado original
2026-06-07 09:57:05,589 | INFO |   [17/225] sol_sextil_marte ... 
2026-06-07 09:57:37,681 | WARNING |     intento 1: max_retries_exceeded
2026-06-07 09:58:12,599 | WARNING |     intento 2: max_retries_exceeded
2026-06-07 09:58:47,415 | WARNING |     intento 3: max_retries_exceeded
2026-06-07 09:58:50,415 | ERROR |     FALLIDO - conservado original
2026-06-07 09:58:53,416 | INFO |   [18/225] sol_cuadratura_marte ... 
2026-06-07 09:59:25,202 | WARNING |     intento 1: max_retries_exceeded
2026-06-07 10:00:00,224 | WARNING |     intento 2: max_retries_exceeded
2026-06-07 10:00:35,142 | WARNING |     intento 3: max_retries_exceeded
2026-06-07 10:00:38,142 | ERROR |     FALLIDO - conservado original
2026-06-07 10:00:41,142 | INFO |   [19/225] sol_trino_marte ... 
2026-06-07 10:01:12,850 | WARNING |     intento 1: max_retries_exceeded
2026-06-07 10:01:47,668 | WARNING |     intento 2: max_retries_exceeded
2026-06-07 10:02:22,767 | WARNING |     intento 3: max_retries_exceeded
2026-06-07 10:02:25,767 | ERROR |     FALLIDO - conservado original
2026-06-07 10:02:28,768 | INFO |   [20/225] sol_oposicion_marte ... 
2026-06-07 10:03:00,655 | WARNING |     intento 1: max_retries_exceeded
2026-06-07 10:03:35,778 | WARNING |     intento 2: max_retries_exceeded
2026-06-07 10:04:10,493 | WARNING |     intento 3: max_retries_exceeded
2026-06-07 10:04:13,494 | ERROR |     FALLIDO - conservado original
2026-06-07 10:04:16,494 | INFO |   [21/225] sol_conjuncion_jupiter ... 
2026-06-07 10:04:48,093 | WARNING |     intento 1: max_retries_exceeded
2026-06-07 10:05:22,834 | WARNING |     intento 2: max_retries_exceeded
2026-06-07 10:05:57,604 | WARNING |     intento 3: max_retries_exceeded
2026-06-07 10:06:00,605 | ERROR |     FALLIDO - conservado original
2026-06-07 10:06:03,605 | INFO |   [22/225] sol_sextil_jupiter ... 
2026-06-07 10:06:35,595 | WARNING |     intento 1: max_retries_exceeded
2026-06-07 10:07:10,413 | WARNING |     intento 2: max_retries_exceeded
2026-06-07 10:07:45,537 | WARNING |     intento 3: max_retries_exceeded
2026-06-07 10:07:48,537 | ERROR |     FALLIDO - conservado original
2026-06-07 10:07:51,537 | INFO |   [23/225] sol_cuadratura_jupiter ... 
2026-06-07 10:08:23,425 | WARNING |     intento 1: max_retries_exceeded
2026-06-07 10:08:58,549 | WARNING |     intento 2: max_retries_exceeded
2026-06-07 10:09:33,571 | WARNING |     intento 3: max_retries_exceeded
2026-06-07 10:09:36,571 | ERROR |     FALLIDO - conservado original
2026-06-07 10:09:39,571 | INFO |   [24/225] sol_trino_jupiter ... 
2026-06-07 10:10:11,356 | WARNING |     intento 1: max_retries_exceeded
2026-06-07 10:10:46,070 | WARNING |     intento 2: max_retries_exceeded
2026-06-07 10:11:20,988 | WARNING |     intento 3: max_retries_exceeded
2026-06-07 10:11:23,989 | ERROR |     FALLIDO - conservado original
2026-06-07 10:11:26,989 | INFO |   [25/225] sol_oposicion_jupiter ... 
2026-06-07 10:11:58,775 | WARNING |     intento 1: max_retries_exceeded
2026-06-07 10:12:33,694 | WARNING |     intento 2: max_retries_exceeded
2026-06-07 10:13:08,512 | WARNING |     intento 3: max_retries_exceeded
2026-06-07 10:13:11,513 | ERROR |     FALLIDO - conservado original
2026-06-07 10:13:14,513 | INFO |   [26/225] sol_conjuncion_saturno ... 
2026-06-07 10:13:46,706 | WARNING |     intento 1: max_retries_exceeded
2026-06-07 10:14:21,522 | WARNING |     intento 2: max_retries_exceeded
2026-06-07 10:14:56,441 | WARNING |     intento 3: max_retries_exceeded
2026-06-07 10:14:59,442 | ERROR |     FALLIDO - conservado original
2026-06-07 10:15:02,442 | INFO |   [27/225] sol_sextil_saturno ... 
2026-06-07 10:15:34,330 | WARNING |     intento 1: max_retries_exceeded
2026-06-07 10:16:09,455 | WARNING |     intento 2: max_retries_exceeded
2026-06-07 10:16:44,067 | WARNING |     intento 3: max_retries_exceeded
2026-06-07 10:16:47,067 | ERROR |     FALLIDO - conservado original
2026-06-07 10:16:50,067 | INFO |   [28/225] sol_cuadratura_saturno ... 
2026-06-07 10:17:21,750 | WARNING |     intento 1: max_retries_exceeded
2026-06-07 10:17:56,570 | WARNING |     intento 2: max_retries_exceeded
2026-06-07 10:18:31,281 | WARNING |     intento 3: max_retries_exceeded
2026-06-07 10:18:34,281 | ERROR |     FALLIDO - conservado original
2026-06-07 10:18:37,282 | INFO |   [29/225] sol_trino_saturno ... 
2026-06-07 10:19:09,066 | WARNING |     intento 1: max_retries_exceeded
2026-06-07 10:19:43,781 | WARNING |     intento 2: max_retries_exceeded
2026-06-07 10:20:18,833 | WARNING |     intento 3: max_retries_exceeded
2026-06-07 10:20:21,834 | ERROR |     FALLIDO - conservado original
2026-06-07 10:20:24,834 | INFO |   [30/225] sol_oposicion_saturno ... 
2026-06-07 10:20:56,690 | WARNING |     intento 1: max_retries_exceeded
2026-06-07 10:21:31,408 | WARNING |     intento 2: max_retries_exceeded
2026-06-07 10:22:06,426 | WARNING |     intento 3: max_retries_exceeded
2026-06-07 10:22:09,426 | ERROR |     FALLIDO - conservado original
2026-06-07 10:22:12,426 | INFO |   [31/225] sol_conjuncion_urano ... 
2026-06-07 10:22:44,218 | WARNING |     intento 1: max_retries_exceeded
2026-06-07 10:23:19,033 | WARNING |     intento 2: max_retries_exceeded
2026-06-07 10:23:54,155 | WARNING |     intento 3: max_retries_exceeded
2026-06-07 10:23:57,155 | ERROR |     FALLIDO - conservado original
2026-06-07 10:24:00,156 | INFO |   [32/225] sol_sextil_urano ... 
2026-06-07 10:24:31,836 | WARNING |     intento 1: max_retries_exceeded
2026-06-07 10:25:06,756 | WARNING |     intento 2: max_retries_exceeded
2026-06-07 10:25:41,777 | WARNING |     intento 3: max_retries_exceeded
2026-06-07 10:25:44,777 | ERROR |     FALLIDO - conservado original
2026-06-07 10:25:47,777 | INFO |   [33/225] sol_cuadratura_urano ... 
2026-06-07 10:26:19,767 | WARNING |     intento 1: max_retries_exceeded
2026-06-07 10:26:54,687 | WARNING |     intento 2: max_retries_exceeded
2026-06-07 10:27:29,709 | WARNING |     intento 3: max_retries_exceeded
2026-06-07 10:27:32,709 | ERROR |     FALLIDO - conservado original
2026-06-07 10:27:35,710 | INFO |   [34/225] sol_trino_urano ... 
2026-06-07 10:28:07,905 | WARNING |     intento 1: max_retries_exceeded
2026-06-07 10:28:42,823 | WARNING |     intento 2: max_retries_exceeded
2026-06-07 10:29:17,844 | WARNING |     intento 3: max_retries_exceeded
2026-06-07 10:29:20,844 | ERROR |     FALLIDO - conservado original
2026-06-07 10:29:23,844 | INFO |   [35/225] sol_oposicion_urano ... 
2026-06-07 10:29:55,732 | WARNING |     intento 1: max_retries_exceeded
2026-06-07 10:30:30,653 | WARNING |     intento 2: max_retries_exceeded
2026-06-07 10:31:05,468 | WARNING |     intento 3: max_retries_exceeded
2026-06-07 10:31:08,469 | ERROR |     FALLIDO - conservado original
2026-06-07 10:31:11,469 | INFO |   [36/225] sol_conjuncion_neptuno ... 
2026-06-07 10:31:43,357 | WARNING |     intento 1: max_retries_exceeded
2026-06-07 10:32:18,788 | WARNING |     intento 2: max_retries_exceeded
2026-06-07 10:32:53,724 | WARNING |     intento 3: max_retries_exceeded
2026-06-07 10:32:56,724 | ERROR |     FALLIDO - conservado original
2026-06-07 10:32:59,724 | INFO |   [37/225] sol_sextil_neptuno ... 
2026-06-07 10:33:33,951 | WARNING |     intento 1: max_retries_exceeded
2026-06-07 10:34:08,850 | WARNING |     intento 2: max_retries_exceeded
2026-06-07 10:34:43,709 | WARNING |     intento 3: max_retries_exceeded
2026-06-07 10:34:46,709 | ERROR |     FALLIDO - conservado original
2026-06-07 10:34:49,710 | INFO |   [38/225] sol_cuadratura_neptuno ... 
2026-06-07 10:35:21,677 | WARNING |     intento 1: max_retries_exceeded
2026-06-07 10:35:57,723 | WARNING |     intento 2: max_retries_exceeded
